{"level":30,"time":1774266340424,"pid":12792,"hostname":"TURING-09","reqId":"2b9dd1a4-7996-492c-9b8e-b2dcd4a0caba","method":"GET","url":"/ping","msg":"START"}
{"level":30,"time":1774266340441,"pid":12792,"hostname":"TURING-09","reqId":"2b9dd1a4-7996-492c-9b8e-b2dcd4a0caba","method":"GET","url":"/ping","msg":"END"}
{"level":30,"time":1774266340493,"pid":12792,"hostname":"TURING-09","reqId":"6c4c1d61-6b56-49d1-a746-1d001c994d08","method":"GET","url":"/favicon.ico","msg":"START"}
{"level":30,"time":1774266340496,"pid":12792,"hostname":"TURING-09","reqId":"6c4c1d61-6b56-49d1-a746-1d001c994d08","method":"GET","url":"/favicon.ico","msg":"END"}
{"level":40,"time":1774266340496,"pid":12792,"hostname":"TURING-09","reqId":"6c4c1d61-6b56-49d1-a746-1d001c994d08","method":"GET","url":"/favicon.ico","status":404,"msg":"HTTP ERROR"}
{"level":30,"time":1774266772178,"pid":15468,"hostname":"TURING-09","reqId":"acb0d070-990c-4e83-bf39-0e35cbaf27f7","method":"POST","url":"/api/auth/login","msg":"START"}
{"level":30,"time":1774266772190,"pid":15468,"hostname":"TURING-09","reqId":"acb0d070-990c-4e83-bf39-0e35cbaf27f7","method":"POST","url":"/api/auth/login","msg":"END"}
{"level":40,"time":1774266772190,"pid":15468,"hostname":"TURING-09","reqId":"acb0d070-990c-4e83-bf39-0e35cbaf27f7","method":"POST","url":"/api/auth/login","status":500,"msg":"HTTP ERROR"}
{"level":30,"time":1774266809707,"pid":15468,"hostname":"TURING-09","reqId":"b1c09fc9-0bbf-4420-a0ff-01cb5e3884f9","method":"POST","url":"/api/auth/login","msg":"START"}
{"level":30,"time":1774266809731,"pid":15468,"hostname":"TURING-09","reqId":"b1c09fc9-0bbf-4420-a0ff-01cb5e3884f9","method":"POST","url":"/api/auth/login","msg":"END"}
{"level":40,"time":1774266809731,"pid":15468,"hostname":"TURING-09","reqId":"b1c09fc9-0bbf-4420-a0ff-01cb5e3884f9","method":"POST","url":"/api/auth/login","status":400,"msg":"HTTP ERROR"}
{"level":30,"time":1774267358705,"pid":6444,"hostname":"TURING-09","reqId":"15d013a4-a02b-4c40-bd12-0f687ca68569","method":"GET","url":"/ping","msg":"START"}
{"level":30,"time":1774267358714,"pid":6444,"hostname":"TURING-09","reqId":"15d013a4-a02b-4c40-bd12-0f687ca68569","method":"GET","url":"/ping","msg":"END"}
{"level":30,"time":1774267358750,"pid":6444,"hostname":"TURING-09","reqId":"11906482-da0b-42eb-bf8d-8a0bd7b6ba2c","method":"GET","url":"/favicon.ico","msg":"START"}
{"level":30,"time":1774267358755,"pid":6444,"hostname":"TURING-09","reqId":"11906482-da0b-42eb-bf8d-8a0bd7b6ba2c","method":"GET","url":"/favicon.ico","msg":"END"}
{"level":40,"time":1774267358755,"pid":6444,"hostname":"TURING-09","reqId":"11906482-da0b-42eb-bf8d-8a0bd7b6ba2c","method":"GET","url":"/favicon.ico","status":404,"msg":"HTTP ERROR"}
{"level":30,"time":1774267467543,"pid":19184,"hostname":"TURING-09","reqId":"dc35fa7b-ae9d-41e7-98f7-203cf8adc363","method":"GET","url":"/ping","msg":"START"}
{"level":30,"time":1774267467555,"pid":19184,"hostname":"TURING-09","reqId":"dc35fa7b-ae9d-41e7-98f7-203cf8adc363","method":"GET","url":"/ping","msg":"END"}
{"level":30,"time":1774267467589,"pid":19184,"hostname":"TURING-09","reqId":"3cfa47ac-cfd0-4f48-92cf-a7821f4f6e5a","method":"GET","url":"/favicon.ico","msg":"START"}
{"level":30,"time":1774267467593,"pid":19184,"hostname":"TURING-09","reqId":"3cfa47ac-cfd0-4f48-92cf-a7821f4f6e5a","method":"GET","url":"/favicon.ico","msg":"END"}
{"level":40,"time":1774267467593,"pid":19184,"hostname":"TURING-09","reqId":"3cfa47ac-cfd0-4f48-92cf-a7821f4f6e5a","method":"GET","url":"/favicon.ico","status":404,"msg":"HTTP ERROR"}
{"level":30,"time":1774267484296,"pid":15416,"hostname":"TURING-09","reqId":"7d54b1cd-b553-4fe1-a376-f08f7246b164","method":"GET","url":"/ping","msg":"START"}
{"level":30,"time":1774267484310,"pid":15416,"hostname":"TURING-09","reqId":"7d54b1cd-b553-4fe1-a376-f08f7246b164","method":"GET","url":"/ping","msg":"END"}
{"level":30,"time":1774267484342,"pid":15416,"hostname":"TURING-09","reqId":"3887de60-4d3f-4154-8b72-49fffc4ceb2c","method":"GET","url":"/favicon.ico","msg":"START"}
{"level":30,"time":1774267484346,"pid":15416,"hostname":"TURING-09","reqId":"3887de60-4d3f-4154-8b72-49fffc4ceb2c","method":"GET","url":"/favicon.ico","msg":"END"}
{"level":40,"time":1774267484346,"pid":15416,"hostname":"TURING-09","reqId":"3887de60-4d3f-4154-8b72-49fffc4ceb2c","method":"GET","url":"/favicon.ico","status":404,"msg":"HTTP ERROR"}
{"level":30,"time":1774267486513,"pid":15416,"hostname":"TURING-09","reqId":"7449ce74-e52e-4311-848d-299c54ad1eaa","method":"GET","url":"/ping","msg":"START"}
{"level":30,"time":1774267486518,"pid":15416,"hostname":"TURING-09","reqId":"7449ce74-e52e-4311-848d-299c54ad1eaa","method":"GET","url":"/ping","msg":"END"}
{"level":30,"time":1774267486664,"pid":15416,"hostname":"TURING-09","reqId":"ac97c7f2-5ca6-4ea6-9204-6a96a1715089","method":"GET","url":"/ping","msg":"START"}
{"level":30,"time":1774267486669,"pid":15416,"hostname":"TURING-09","reqId":"ac97c7f2-5ca6-4ea6-9204-6a96a1715089","method":"GET","url":"/ping","msg":"END"}
{"level":30,"time":1774267486845,"pid":15416,"hostname":"TURING-09","reqId":"f96b1407-4fae-4f48-a2fa-b14a26f894c7","method":"GET","url":"/ping","msg":"START"}
{"level":30,"time":1774267486849,"pid":15416,"hostname":"TURING-09","reqId":"f96b1407-4fae-4f48-a2fa-b14a26f894c7","method":"GET","url":"/ping","msg":"END"}
{"level":30,"time":1774267486992,"pid":15416,"hostname":"TURING-09","reqId":"58b16c16-8936-4b30-b596-8a274bd77782","method":"GET","url":"/ping","msg":"START"}
{"level":30,"time":1774267486993,"pid":15416,"hostname":"TURING-09","reqId":"58b16c16-8936-4b30-b596-8a274bd77782","method":"GET","url":"/ping","msg":"END"}
{"level":30,"time":1774267487143,"pid":15416,"hostname":"TURING-09","reqId":"18fc4b13-3a86-4aaf-9c8a-101eedf83de1","method":"GET","url":"/ping","msg":"START"}
{"level":30,"time":1774267487145,"pid":15416,"hostname":"TURING-09","reqId":"18fc4b13-3a86-4aaf-9c8a-101eedf83de1","method":"GET","url":"/ping","msg":"END"}
{"level":30,"time":1774267487324,"pid":15416,"hostname":"TURING-09","reqId":"7e5f617b-a041-4ba6-9ca2-8f517c4f3370","method":"GET","url":"/ping","msg":"START"}
{"level":30,"time":1774267487325,"pid":15416,"hostname":"TURING-09","reqId":"7e5f617b-a041-4ba6-9ca2-8f517c4f3370","method":"GET","url":"/ping","msg":"END"}
{"level":30,"time":1774267487496,"pid":15416,"hostname":"TURING-09","reqId":"2dff4a65-de85-4aae-a871-5bb8c330c0f9","method":"GET","url":"/ping","msg":"START"}
{"level":30,"time":1774267487498,"pid":15416,"hostname":"TURING-09","reqId":"2dff4a65-de85-4aae-a871-5bb8c330c0f9","method":"GET","url":"/ping","msg":"END"}
{"level":30,"time":1774267487664,"pid":15416,"hostname":"TURING-09","reqId":"8862a9e5-4870-4421-a180-cbe16f0e5dda","method":"GET","url":"/ping","msg":"START"}
{"level":30,"time":1774267487665,"pid":15416,"hostname":"TURING-09","reqId":"8862a9e5-4870-4421-a180-cbe16f0e5dda","method":"GET","url":"/ping","msg":"END"}
{"level":30,"time":1774268444728,"pid":11280,"hostname":"TURING-09","reqId":"9efc3b33-6baa-4d32-9042-6e56e811e009","method":"GET","url":"/ping","msg":"START"}
{"level":30,"time":1774268444744,"pid":11280,"hostname":"TURING-09","reqId":"9efc3b33-6baa-4d32-9042-6e56e811e009","method":"GET","url":"/ping","msg":"END"}
{"level":40,"time":1774268444744,"pid":11280,"hostname":"TURING-09","reqId":"9efc3b33-6baa-4d32-9042-6e56e811e009","method":"GET","url":"/ping","status":404,"msg":"HTTP ERROR"}
{"level":30,"time":1774268483807,"pid":11280,"hostname":"TURING-09","reqId":"bd358772-cc26-417e-9104-c059f4a6f246","method":"GET","url":"/","msg":"START"}
{"level":30,"time":1774268483809,"pid":11280,"hostname":"TURING-09","reqId":"bd358772-cc26-417e-9104-c059f4a6f246","method":"GET","url":"/","msg":"END"}
{"level":40,"time":1774268483809,"pid":11280,"hostname":"TURING-09","reqId":"bd358772-cc26-417e-9104-c059f4a6f246","method":"GET","url":"/","status":404,"msg":"HTTP ERROR"}
{"level":30,"time":1774268486912,"pid":11280,"hostname":"TURING-09","reqId":"15eff3c4-4c5e-46f1-84f8-6078d0a38dc4","method":"GET","url":"/","msg":"START"}
{"level":30,"time":1774268486913,"pid":11280,"hostname":"TURING-09","reqId":"15eff3c4-4c5e-46f1-84f8-6078d0a38dc4","method":"GET","url":"/","msg":"END"}
{"level":40,"time":1774268486913,"pid":11280,"hostname":"TURING-09","reqId":"15eff3c4-4c5e-46f1-84f8-6078d0a38dc4","method":"GET","url":"/","status":404,"msg":"HTTP ERROR"}
{"level":30,"time":1774268534535,"pid":11280,"hostname":"TURING-09","reqId":"2dd9db17-03c6-4182-938c-a355917e2c89","method":"GET","url":"/api/ping","msg":"START"}
{"level":30,"time":1774268534537,"pid":11280,"hostname":"TURING-09","reqId":"2dd9db17-03c6-4182-938c-a355917e2c89","method":"GET","url":"/api/ping","msg":"END"}
{"level":40,"time":1774268534537,"pid":11280,"hostname":"TURING-09","reqId":"2dd9db17-03c6-4182-938c-a355917e2c89","method":"GET","url":"/api/ping","status":404,"msg":"HTTP ERROR"}
